<?xml version="1.0" encoding="UTF-8"?>
<testsuite name="com.thoughtworks.CoordinateTest" tests="6" skipped="0" failures="0" errors="0" timestamp="2019-10-05T14:38:16" hostname="Avanis-MacBook-Pro.local" time="0.013">
  <properties/>
  <testcase name="givenOneXCoordinateAndOneYCoordinate_WhenCheckIsUpperOrNot_ThenShouldReturnTrue()" classname="com.thoughtworks.CoordinateTest" time="0.008"/>
  <testcase name="givenOneXCoordinateAndZeroYCoordinate_WhenCheckIsUpperOrNot_ThenShouldReturnFalse()" classname="com.thoughtworks.CoordinateTest" time="0.0"/>
  <testcase name="givenNegativeOneXCoordinateAndNegativeOneYCoordinate_WhenCheckIsBellowOrNot_ThenShouldReturnTrue()" classname="com.thoughtworks.CoordinateTest" time="0.0"/>
  <testcase name="givenOneCoordinateAndOneCoordinate_WhenCheckIsSameOrNot_ThenShouldReturnTrue()" classname="com.thoughtworks.CoordinateTest" time="0.0"/>
  <testcase name="givenZeroCoordinateAndZeroCoordinate_WhenCheckIsUpperOrNot_ThenShouldReturnFalse()" classname="com.thoughtworks.CoordinateTest" time="0.001"/>
  <testcase name="givenCoordinate_WhenCheckIsSameOrNot_ThenShouldReturnTrue()" classname="com.thoughtworks.CoordinateTest" time="0.001"/>
  <system-out><![CDATA[]]></system-out>
  <system-err><![CDATA[]]></system-err>
</testsuite>
